Status Code: 201
Response: {
  "code": 0,
  "message": "The bill has been created.",
  "bill": {
    "bill_id": "1844461000003926016",
    "purchaseorder_ids": [],
    "vendor_id": "1844461000000387725",
    "vendor_name": "SRI VENKATESHWARA PAPER BOARDS",
    "source": "Api",
    "source_of_supply": "TN",
    "destination_of_supply": "KA",
    "can_amend_transaction": false,
    "gst_no": "33AJTPR8569F1ZF",
    "reference_invoice_type": "",
    "contact_category": "business_gst",
    "gst_treatment": "business_gst",
    "tax_treatment": "business_gst",
    "gst_return_details": {
      "return_period": "",
      "status": ""
    },
    "invoice_conversion_type": "invoice",
    "unused_credits_payable_amount": 0.0,
    "status": "overdue",
    "color_code": "",
    "current_sub_status_id": "",
    "current_sub_status": "overdue",
    "sub_statuses": [],
    "bill_number": "11",
    "date": "2025-04-06",
    "is_pre_gst": false,
    "due_date": "2025-04-06",
    "discount_setting": "flat",
    "tds_calculation_type": "tds_item_level",
    "is_tds_amount_in_percent": true,
    "tds_percent": "0.00",
    "tds_amount": 0.0,
    "tax_account_id": "",
    "payment_terms": 0,
    "payment_terms_label": "Due on Receipt",
    "payment_expected_date": "",
    "reference_number": "11",
    "scanned_po_number": "",
    "scanned_po_id": "",
    "recurring_bill_id": "",
    "due_by_days": 291,
    "due_in_days": "",
    "currency_id": "1844461000000000064",
    "currency_code": "INR",
    "currency_symbol": "Rs.",
    "currency_name_formatted": "INR- Indian Rupee",
    "documents": [],
    "subject_content": "",
    "price_precision": 2,
    "exchange_rate": 1.0,
    "custom_fields": [],
    "custom_field_hash": {},
    "is_viewed_by_client": false,
    "client_viewed_time": "",
    "is_item_level_tax_calc": false,
    "is_inclusive_tax": false,
    "tax_rounding": "entity_level",
    "filed_in_vat_return_id": "",
    "filed_in_vat_return_name": "",
    "filed_in_vat_return_type": "",
    "is_reverse_charge_applied": false,
    "is_uber_bill": false,
    "is_tally_bill": false,
    "track_discount_in_account": true,
    "is_bill_reconciliation_violated": false,
    "bill_order_type": "",
    "line_items": [
      {
        "purchaseorder_id": "",
        "purchaseorder_item_id": "",
        "receive_id": "",
        "receive_item_id": "",
        "line_item_id": "1844461000003926028",
        "item_id": "",
        "itc_eligibility": "eligible",
        "line_item_type": "line_item",
        "gst_treatment_code": "",
        "sku": "",
        "name": "White Pulp Sheet",
        "is_combo_product": false,
        "account_id": "1844461000003709125",
        "account_name": "Cellulose Purchase",
        "description": "White Pulp Sheet",
        "bcy_rate": 70.0,
        "rate": 70.0,
        "sales_rate": "",
        "pricebook_id": "",
        "header_id": "",
        "header_name": "",
        "tags": [
          {
            "tag_option_id": "1844461000003693009",
            "is_tag_mandatory": false,
            "tag_name": "Acoustics",
            "tag_id": "1844461000000000634",
            "tag_option_name": "Acoustic"
          }
        ],
        "quantity": 4690.0,
        "is_dropshipped_item": false,
        "discount": 0.0,
        "discounts": [],
        "product_tax_category": {
          "tax_category_code": "",
          "tax_category_name": "",
          "description": ""
        },
        "discount_account_id": "",
        "discount_account_name": "",
        "markup_percent": 0.0,
        "tax_id": "1844461000000052073",
        "tax_exemption_id": "",
        "tax_exemption_code": "",
        "tax_category_code": "",
        "tax_category_name": "",
        "tax_name": "IGST18",
        "tax_type": "tax",
        "tax_percentage": 18,
        "tds_tax_id": "",
        "tds_tax_name": "",
        "tds_tax_percentage": "",
        "tds_tax_amount": 0.0,
        "line_item_taxes": [
          {
            "tax_id": "1844461000000052073",
            "tax_name": "IGST18 (18%)",
            "tax_amount": 59094.0
          }
        ],
        "line_item_tds": [],
        "item_total": 328300.0,
        "item_order": 1,
        "unit": "",
        "product_type": "service",
        "item_type": "",
        "has_product_type_mismatch": false,
        "hsn_or_sac": "",
        "reverse_charge_tax_id": "",
        "image_name": "",
        "image_type": "",
        "is_billable": false,
        "is_landedcost": false,
        "customer_id": "",
        "receipt_line_item_id": "",
        "customer_name": "",
        "project_id": "",
        "project_name": "",
        "invoice_id": "",
        "invoice_number": "",
        "item_custom_fields": [],
        "is_storage_location_enabled": false,
        "track_serial_number": false,
        "track_batch_number": false,
        "track_serial_for_receive": false,
        "track_batch_for_receive": false,
        "serial_numbers": [],
        "serial_number_details": [],
        "batches": [],
        "purchase_request_items": [],
        "item_matching_type": "",
        "storages": []
      }
    ],
    "submitted_date": "",
    "submitted_by": "",
    "submitted_by_name": "",
    "submitted_by_email": "",
    "submitted_by_photo_url": "",
    "submitter_id": "",
    "approver_id": "",
    "adjustment": 0.0,
    "adjustment_description": "",
    "discount_amount": 0.0,
    "discount": 0.0,
    "discount_applied_on_amount": 0.0,
    "is_discount_before_tax": true,
    "discount_account_id": "",
    "discount_account_name": "",
    "discount_type": "entity_level",
    "sub_total": 328300.0,
    "sub_total_inclusive_of_tax": 0.0,
    "tax_total": 59094.0,
    "discount_total": 0.0,
    "discount_percent": 0.0,
    "total": 387394.0,
    "payment_made": 0.0,
    "vendor_credits_applied": 0.0,
    "is_line_item_invoiced": false,
    "purchaseorders": [],
    "taxes": [
      {
        "tax_amount": 59094.0,
        "tax_name": "IGST18 (18%)",
        "tax_amount_formatted": "Rs.59,094.00",
        "tax_id": "1844461000000052073"
      }
    ],
    "computation_type": "basic",
    "tax_override": false,
    "tax_override_preference": "no_override",
    "tds_override_preference": "no_override",
    "tds_summary": [],
    "balance": 387394.0,
    "unprocessed_payment_amount": 0.0,
    "billing_address_id": "1844461000000387729",
    "billing_address": {
      "address": "",
      "street2": "",
      "city": "",
      "state": "Tamil Nadu",
      "zip": "",
      "country": "India",
      "fax": "",
      "phone": "",
      "attention": ""
    },
    "payments": [],
    "vendor_credits": [],
    "created_time": "2026-01-22T17:28:41+0530",
    "created_by_id": "1844461000003541001",
    "last_modified_id": "1844461000003541001",
    "last_modified_time": "2026-01-22T17:28:41+0530",
    "reference_id": "",
    "notes": "Being metrial purchsed vide invs num 11 date 6/4/25 at warehouse",
    "terms": "",
    "attachment_name": "",
    "open_purchaseorders_count": 0,
    "template_id": "1844461000000000245",
    "template_name": "Standard Template",
    "page_width": "8.27in",
    "page_height": "11.69in",
    "orientation": "portrait",
    "template_type": "standard",
    "is_approval_required": false,
    "allocated_landed_costs": [],
    "unallocated_landed_costs": [],
    "entity_type": "bill",
    "credit_notes": [],
    "reference_bill_id": "",
    "can_send_in_mail": false,
    "approvers_list": [],
    "account_id": "1844461000000000471",
    "account_name": "Accounts Payable",
    "adjustment_account_id": "",
    "adjustment_account_name": ""
  }
}
