Status Code: 201
Response: {
  "code": 0,
  "message": "Sales Order has been created.",
  "salesorder": {
    "salesorder_id": "1844461000003928001",
    "is_viewed_in_mail": false,
    "mail_first_viewed_time": "",
    "mail_last_viewed_time": "",
    "documents": [],
    "zcrm_potential_id": "",
    "zcrm_potential_name": "",
    "salesorder_number": "INFRA/PI-03/24-25",
    "date": "2025-04-09",
    "offline_created_date_with_time": "",
    "tracking_url": "",
    "has_discount": false,
    "is_pre_gst": false,
    "invoice_conversion_type": "invoice",
    "status": "draft",
    "color_code": "",
    "current_sub_status_id": "",
    "current_sub_status": "draft",
    "sub_statuses": [],
    "shipment_date": "",
    "reference_number": "INFRA/PI-03/24-25",
    "customer_id": "1844461000000314007",
    "customer_name": "ANJ TURNKEY PROJECTS PVT LTD",
    "contact_persons": [],
    "contact_persons_associated": [],
    "contact_person_details": [],
    "source": "Api",
    "gst_no": "33AAHCA0115C1ZM",
    "contact_category": "business_gst",
    "gst_treatment": "business_gst",
    "tax_treatment": "business_gst",
    "place_of_supply": "TN",
    "tax_specification": "inter",
    "is_taxable": true,
    "exceptions": [],
    "has_shipping_address": true,
    "currency_id": "1844461000000000064",
    "currency_code": "INR",
    "currency_symbol": "Rs.",
    "exchange_rate": 1.0,
    "is_discount_before_tax": true,
    "discount_type": "item_level",
    "estimate_id": "",
    "delivery_method": "",
    "delivery_method_id": "",
    "is_inclusive_tax": false,
    "tax_rounding": "entity_level",
    "tds_override_preference": "no_override",
    "order_status": "draft",
    "invoiced_status": "",
    "paid_status": "",
    "shipped_status": "",
    "sales_channel": "direct_sales",
    "sales_channel_formatted": "Direct Sales",
    "account_identifier": "",
    "integration_id": "",
    "is_dropshipped": false,
    "is_backordered": false,
    "is_manually_fulfilled": false,
    "can_manually_fulfill": false,
    "has_qty_cancelled": false,
    "is_reverse_charge_applied": false,
    "shipping_details": {},
    "created_by_email": "zentegrainframart@gmail.com",
    "created_by_name": "vijey ",
    "total_quantity": 50.0,
    "line_items": [
      {
        "line_item_id": "1844461000003928007",
        "variant_id": "1844461000003792011",
        "track_serial_number": false,
        "track_batch_number": false,
        "item_id": "1844461000003792011",
        "is_returnable": false,
        "product_id": "1844461000003792011",
        "attribute_name1": "",
        "attribute_name2": "",
        "attribute_name3": "",
        "attribute_option_name1": "",
        "attribute_option_name2": "",
        "attribute_option_name3": "",
        "attribute_option_data1": "",
        "attribute_option_data2": "",
        "attribute_option_data3": "",
        "is_combo_product": false,
        "combo_type": "",
        "sku": "0000",
        "name": "Aloha Easy Lite Chair",
        "group_name": "Aloha Easy Lite Chair",
        "description": "Aloha Easy Lite Chair",
        "item_order": 1,
        "bcy_rate": 14350.0,
        "rate": 14350.0,
        "sales_rate": 0.0,
        "quantity": 50.0,
        "quantity_manuallyfulfilled": 0.0,
        "unit": "pcs",
        "pricebook_id": "",
        "header_id": "",
        "header_name": "",
        "discount_amount": 0.0,
        "discount": 0.0,
        "discounts": [],
        "gst_treatment_code": "",
        "tax_id": "1844461000000052073",
        "tax_name": "IGST18",
        "tax_type": "tax",
        "tax_percentage": 18,
        "tds_tax_id": "",
        "tds_tax_name": "",
        "tds_tax_percentage": "",
        "tds_tax_amount": 0.0,
        "line_item_taxes": [
          {
            "tax_id": "1844461000000052073",
            "tax_name": "IGST18 (18%)",
            "tax_amount": 129150.0,
            "tax_percentage": 18,
            "tax_specific_type": "igst"
          }
        ],
        "line_item_tds": [],
        "tax_category_code": "",
        "tax_category_name": "",
        "product_tax_category": {
          "tax_category_code": "",
          "tax_category_name": "",
          "description": ""
        },
        "item_total": 717500.0,
        "item_sub_total": 717500.0,
        "product_type": "goods",
        "line_item_type": "goods",
        "item_type": "sales_and_purchases",
        "hsn_or_sac": "",
        "is_invoiced": false,
        "is_unconfirmed_product": false,
        "tags": [
          {
            "tag_option_id": "1844461000000395343",
            "is_tag_mandatory": false,
            "tag_name": "Haworth",
            "tag_id": "1844461000000000638",
            "tag_option_name": "Haworth"
          }
        ],
        "image_name": "",
        "image_type": "",
        "document_id": "",
        "item_custom_fields": [],
        "custom_field_hash": {},
        "quantity_invoiced": 0.0,
        "quantity_packed": 0.0,
        "quantity_shipped": 0.0,
        "quantity_picked": 0.0,
        "quantity_backordered": 0,
        "quantity_dropshipped": 0.0,
        "quantity_cancelled": 0.0,
        "quantity_delivered": 0.0,
        "package_details": {
          "length": "",
          "width": "",
          "height": "",
          "weight": "",
          "weight_unit": "kg",
          "dimension_unit": "cm"
        },
        "quantity_invoiced_cancelled": 0.0,
        "quantity_returned": 0.0,
        "is_fulfillable": 0,
        "project_id": "",
        "mapped_items": [],
        "is_modifier_item": false
      }
    ],
    "entity_tags": "",
    "submitter_id": "",
    "approver_id": "",
    "submitted_date": "",
    "submitted_by": "",
    "submitted_by_name": "",
    "submitted_by_email": "",
    "submitted_by_photo_url": "",
    "price_precision": 2,
    "is_emailed": false,
    "has_unconfirmed_line_item": false,
    "picklists": [],
    "purchaseorders": [],
    "warehouses": [
      {
        "warehouse_id": "1844461000000235052",
        "warehouse_name": "Inframart Realtech India Pvt Ltd",
        "address": "Unit 101, Raheja Chancery, Brigade Road",
        "city": "Bangalore",
        "state": "Karnataka",
        "country": "India",
        "zip": "560025",
        "phone": "",
        "email": "finance@inframart.com",
        "is_primary": true,
        "status": "active",
        "sales_channels": []
      },
      {
        "warehouse_id": "1844461000000255057",
        "warehouse_name": "Kolathur Warehouse",
        "address": "Ground floor, KHATHA no 84/5, Kolathur village, Kasaba Hobli, ",
        "city": "Bangalore",
        "state": "Karnataka",
        "country": "India",
        "zip": "562114",
        "phone": "",
        "email": "",
        "is_primary": false,
        "status": "active",
        "sales_channels": []
      },
      {
        "warehouse_id": "1844461000001096001",
        "warehouse_name": "C/O Hitech Gypsum Pvt Ltd",
        "address": "C/O Hitech Gypsum Pvt Ltd",
        "city": "Noida",
        "state": "Uttar Pradesh",
        "country": "India",
        "zip": "201301",
        "phone": "",
        "email": "",
        "is_primary": false,
        "status": "active",
        "sales_channels": []
      }
    ],
    "billing_address_id": "1844461000000314011",
    "billing_address": {
      "address": "Ground Floor, 1535B , 13th Street , Ram Nagar",
      "street2": "",
      "city": "",
      "state": "Tamil Nadu",
      "zip": "600095",
      "country": "India",
      "country_code": "IN",
      "county": "",
      "state_code": "TN",
      "fax": "",
      "phone": "",
      "attention": ""
    },
    "shipping_address_id": "1844461000000314014",
    "shipping_address": {
      "company_name": "",
      "address": "DLF Downtown , 100 feet road, Thirumalai",
      "street2": "",
      "city": "Chennai",
      "state": "Tamil Nadu",
      "zip": "600113",
      "country": "India",
      "country_code": "IN",
      "county": "",
      "state_code": "TN",
      "fax": "",
      "phone": "",
      "attention": "Stanadard Chartered global buisness services pvt ltd"
    },
    "is_test_order": false,
    "notes": "",
    "terms": "",
    "payment_terms": 0,
    "payment_terms_label": "Due on Receipt",
    "custom_fields": [],
    "custom_field_hash": {},
    "template_id": "1844461000000000239",
    "template_name": "Standard Template",
    "page_width": "8.27in",
    "page_height": "11.69in",
    "orientation": "portrait",
    "template_type": "standard",
    "created_time": "2026-01-22T17:31:01+0530",
    "last_modified_time": "2026-01-22T17:31:01+0530",
    "created_by_id": "1844461000003541001",
    "created_date": "2026-01-22",
    "last_modified_by_id": "1844461000003541001",
    "attachment_name": "",
    "can_send_in_mail": false,
    "salesperson_id": "",
    "salesperson_name": "",
    "merchant_id": "",
    "merchant_name": "",
    "merchant_gst_no": "",
    "pickup_location_id": "",
    "beat_id": "",
    "beat_number": "",
    "journey_plan_id": "",
    "discount": 0.0,
    "discount_applied_on_amount": 0.0,
    "is_adv_tracking_in_package": false,
    "shipping_charge_taxes": [],
    "lock_details": {
      "can_lock": false
    },
    "locked_actions": [],
    "shipping_charge_tax_id": "",
    "shipping_charge_tax_name": "",
    "shipping_charge_tax_type": "",
    "shipping_charge_tax_percentage": "",
    "shipping_charge_tax_exemption_id": "",
    "shipping_charge_tax_exemption_code": "",
    "shipping_charge_sac_code": "",
    "shipping_charge_tax": "",
    "bcy_shipping_charge_tax": "",
    "shipping_charge_exclusive_of_tax": 0.0,
    "shipping_charge_inclusive_of_tax": 0.0,
    "shipping_charge_tax_formatted": "",
    "shipping_charge_exclusive_of_tax_formatted": "Rs.0.00",
    "shipping_charge_inclusive_of_tax_formatted": "Rs.0.00",
    "shipping_charge": 0.0,
    "bcy_shipping_charge": 0.0,
    "adjustment": 0.0,
    "bcy_adjustment": 0.0,
    "adjustment_description": "",
    "roundoff_value": 0.0,
    "transaction_rounding_type": "no_rounding",
    "rounding_mode": "round_half_up",
    "bcy_rounding_mode": "round_half_up",
    "sub_total": 717500.0,
    "bcy_sub_total": 717500.0,
    "sub_total_inclusive_of_tax": 0.0,
    "sub_total_exclusive_of_discount": 717500.0,
    "discount_total": 0.0,
    "bcy_discount_total": 0.0,
    "discount_percent": 0.0,
    "tax_total": 129150.0,
    "bcy_tax_total": 129150.0,
    "total": 846650.0,
    "computation_type": "basic",
    "bcy_total": 846650.0,
    "reverse_charge_tax_total": 0.0,
    "taxes": [
      {
        "tax_amount": 129150.0,
        "tax_name": "IGST18",
        "tax_amount_formatted": "Rs.1,29,150.00"
      }
    ],
    "tds_calculation_type": "tds_item_level",
    "tds_summary": [],
    "packages": [],
    "so_cycle_preference": {
      "is_feature_enabled": false,
      "socycle_status": "not_triggered",
      "can_create_invoice": false,
      "can_create_package": false,
      "can_create_shipment": false,
      "shipment_preference": {
        "default_carrier": "",
        "send_notification": false,
        "deliver_shipments": false
      },
      "invoice_preference": {
        "mark_as_sent": false,
        "record_payment": false,
        "payment_mode_id": "1844461000000000223",
        "payment_account_id": "1844461000000000459"
      }
    },
    "invoices": [],
    "can_show_kit_return": false,
    "is_kit_partial_return": false,
    "salesreturns": [],
    "payments": [],
    "creditnotes": [],
    "refunds": [],
    "contact": {
      "contact_number": "CUS-37",
      "customer_balance": 467915.56,
      "credit_limit": 0.0,
      "unused_customer_credits": 0.0,
      "is_credit_limit_migration_completed": true
    },
    "balance": 846650.0,
    "approvers_list": [],
    "is_scheduled_for_quick_shipment_create": false
  }
}
